<?xml version="1.0" encoding="UTF-8"?>
<!-- Generated by org.testng.reporters.JUnitReportReporter -->
<testsuite hostname="LAPTOP-338REFB0" failures="0" tests="1" name="TestCases.signupTestCases" time="11.385" errors="0" timestamp="2023-07-26T16:34:35 IST" skipped="0">
  <testcase classname="TestCases.signupTestCases" name="verifySignup" time="11.385"/>
</testsuite> <!-- TestCases.signupTestCases -->
