<?xml version="1.0" encoding="UTF-8"?>
<!-- Generated by org.testng.reporters.JUnitReportReporter -->
<testsuite hostname="LAPTOP-338REFB0" failures="0" tests="3" name="TestCases.LoginTestCase" time="12.442" errors="0" timestamp="2023-07-26T16:34:35 IST" skipped="0">
  <testcase classname="TestCases.LoginTestCase" name="verifyLogin" time="3.278"/>
  <testcase classname="TestCases.LoginTestCase" name="verifyLogin" time="5.682"/>
  <testcase classname="TestCases.LoginTestCase" name="verifyLogin" time="3.482"/>
</testsuite> <!-- TestCases.LoginTestCase -->
